{
  "stats": {
    "suites": 1,
    "tests": 3,
    "passes": 3,
    "pending": 0,
    "failures": 0,
    "start": "2026-01-11T06:11:08.945Z",
    "end": "2026-01-11T06:11:12.160Z",
    "duration": 3215,
    "testsRegistered": 3,
    "passPercent": 100,
    "pendingPercent": 0,
    "other": 0,
    "hasOther": false,
    "skipped": 0,
    "hasSkipped": false
  },
  "results": [
    {
      "uuid": "88e8935f-94ff-4d07-a821-89c205a88645",
      "title": "",
      "fullFile": "cypress\\e2e\\login.cy.js",
      "file": "cypress\\e2e\\login.cy.js",
      "beforeHooks": [],
      "afterHooks": [],
      "tests": [],
      "suites": [
        {
          "uuid": "0f86c94d-6f19-49dd-b9d7-7cf578aef3fc",
          "title": "Login e fluxo de compra",
          "fullFile": "",
          "file": "",
          "beforeHooks": [],
          "afterHooks": [],
          "tests": [
            {
              "title": "Login: $cenario.description",
              "fullTitle": "Login e fluxo de compra Login: $cenario.description",
              "timedOut": null,
              "duration": 897,
              "state": "passed",
              "speed": "fast",
              "pass": true,
              "fail": false,
              "pending": false,
              "context": null,
              "code": "_loginPage.default.visit();\n_loginPage.default.username().type(cenario.username);\n_loginPage.default.password().type(cenario.password);\n_loginPage.default.submit().click();\nif (cenario.description === 'Standard User') {\n  _productPage.default.addBackpack().click();\n  _productPage.default.addBoltTshirt().click();\n  _productPage.default.cart().click();\n  _productPage.default.checkout().click();\n}",
              "err": {},
              "uuid": "da85bb00-25a2-4b80-b543-bbe6e92c2b0f",
              "parentUUID": "0f86c94d-6f19-49dd-b9d7-7cf578aef3fc",
              "isHook": false,
              "skipped": false
            },
            {
              "title": "Login: $cenario.description",
              "fullTitle": "Login e fluxo de compra Login: $cenario.description",
              "timedOut": null,
              "duration": 680,
              "state": "passed",
              "speed": "fast",
              "pass": true,
              "fail": false,
              "pending": false,
              "context": null,
              "code": "_loginPage.default.visit();\n_loginPage.default.username().type(cenario.username);\n_loginPage.default.password().type(cenario.password);\n_loginPage.default.submit().click();\nif (cenario.description === 'Standard User') {\n  _productPage.default.addBackpack().click();\n  _productPage.default.addBoltTshirt().click();\n  _productPage.default.cart().click();\n  _productPage.default.checkout().click();\n}",
              "err": {},
              "uuid": "5148e79d-3b32-4f4a-b92a-8ecee7d3d19a",
              "parentUUID": "0f86c94d-6f19-49dd-b9d7-7cf578aef3fc",
              "isHook": false,
              "skipped": false
            },
            {
              "title": "Login: $cenario.description",
              "fullTitle": "Login e fluxo de compra Login: $cenario.description",
              "timedOut": null,
              "duration": 670,
              "state": "passed",
              "speed": "fast",
              "pass": true,
              "fail": false,
              "pending": false,
              "context": null,
              "code": "_loginPage.default.visit();\n_loginPage.default.username().type(cenario.username);\n_loginPage.default.password().type(cenario.password);\n_loginPage.default.submit().click();\nif (cenario.description === 'Standard User') {\n  _productPage.default.addBackpack().click();\n  _productPage.default.addBoltTshirt().click();\n  _productPage.default.cart().click();\n  _productPage.default.checkout().click();\n}",
              "err": {},
              "uuid": "0eb0ec46-78bc-48af-9e92-40beccc9f5b5",
              "parentUUID": "0f86c94d-6f19-49dd-b9d7-7cf578aef3fc",
              "isHook": false,
              "skipped": false
            }
          ],
          "suites": [],
          "passes": [
            "da85bb00-25a2-4b80-b543-bbe6e92c2b0f",
            "5148e79d-3b32-4f4a-b92a-8ecee7d3d19a",
            "0eb0ec46-78bc-48af-9e92-40beccc9f5b5"
          ],
          "failures": [],
          "pending": [],
          "skipped": [],
          "duration": 2247,
          "root": false,
          "rootEmpty": false,
          "_timeout": 2000
        }
      ],
      "passes": [],
      "failures": [],
      "pending": [],
      "skipped": [],
      "duration": 0,
      "root": true,
      "rootEmpty": true,
      "_timeout": 2000
    }
  ],
  "meta": {
    "mocha": {
      "version": "7.2.0"
    },
    "mochawesome": {
      "options": {
        "quiet": false,
        "reportFilename": "mochawesome",
        "saveHtml": false,
        "saveJson": true,
        "consoleReporter": "spec",
        "useInlineDiffs": false,
        "code": true
      },
      "version": "7.1.4"
    },
    "marge": {
      "options": {
        "id": "default",
        "charts": true,
        "reportPageTitle": "Relatório de testes",
        "embeddedScreenshots": true,
        "inlineAssets": true,
        "saveAllAttempts": false,
        "overwrite": false,
        "html": false,
        "json": true,
        "reportDir": "cypress\\reports\\html\\.jsons"
      },
      "version": "6.3.2"
    }
  }
}